C51 COMPILER V9.60.0.0   EEPROM                                                            02/11/2023 18:58:43 PAGE 1   


C51 COMPILER V9.60.0.0, COMPILATION OF MODULE EEPROM
OBJECT MODULE PLACED IN .\Objects\eeprom.obj
COMPILER INVOKED BY: D:\Keil51\C51\BIN\C51.EXE eeprom.c OPTIMIZE(8,SPEED) BROWSE DEBUG OBJECTEXTEND PRINT(.\Listings\eep
                    -rom.lst) TABS(2) OBJECT(.\Objects\eeprom.obj)

line level    source

   1          #include "eeprom.h"
   2          
   3          void eeprom_enable(void)
   4          {
   5   1        IAP_CONTR = 0x80;
   6   1        IAP_TPS = IAP_TPS_VALUE;
   7   1      }
   8          
   9          void eeprom_disable(void)
  10          {
  11   1        IAP_CONTR = 0;
  12   1        IAP_CMD = 0;
  13   1        IAP_TRIG = 0;
  14   1        IAP_ADDRH = 0x80;
  15   1        IAP_ADDRL = 0;
  16   1      }
  17          
  18          uint8_t eeprom_read(uint8_t addr_h,uint8_t addr_l)
  19          {
  20   1        char dat;
  21   1        IAP_CMD = 1;
  22   1        IAP_ADDRL = addr_l;
  23   1        IAP_ADDRH = addr_h;
  24   1        IAP_TRIG = 0x5a;
  25   1        IAP_TRIG = 0xa5;
  26   1        _nop_();
  27   1        return IAP_DATA;
  28   1      }
*** WARNING C280 IN LINE 20 OF eeprom.c: 'dat': unreferenced local variable
  29          
  30          void eeprom_write(uint8_t addr_h,uint8_t addr_l,uint8_t dat)
  31          {
  32   1        IAP_CMD = 2;
  33   1        IAP_ADDRL = addr_l;
  34   1        IAP_ADDRH = addr_h;
  35   1        IAP_DATA = dat;
  36   1        IAP_TRIG = 0x5a;
  37   1        IAP_TRIG = 0xa5;
  38   1        _nop_();
  39   1      }
  40          
  41          void eeprom_clean(uint8_t addr_h)
  42          {
  43   1        IAP_CMD = 3;
  44   1        IAP_ADDRL = 0;
  45   1        IAP_ADDRH = addr_h;
  46   1        IAP_TRIG = 0x5a;
  47   1        IAP_TRIG = 0xa5;
  48   1        _nop_();
  49   1      }
  50          
  51          /*
  52          uint8_t eeprom_test(uint8_t addr_h)
  53          {
C51 COMPILER V9.60.0.0   EEPROM                                                            02/11/2023 18:58:43 PAGE 2   

  54            uint8_t ret = 0;
  55            eeprom_enable();
  56            eeprom_clean(addr_h);
  57            eeprom_write(addr_h,0,0x88);
  58            if(eeprom_read(addr_h,0) == 0x88)
  59            {
  60              eeprom_clean(addr_h);
  61              eeprom_write(addr_h,0,0x55);
  62              if(eeprom_read(addr_h,0) == 0x55)
  63              {
  64                ret = 1;
  65              }
  66            }
  67            eeprom_disable();
  68            return ret;
  69          }
  70          */


MODULE INFORMATION:   STATIC OVERLAYABLE
   CODE SIZE        =     70    ----
   CONSTANT SIZE    =   ----    ----
   XDATA SIZE       =   ----    ----
   PDATA SIZE       =   ----    ----
   DATA SIZE        =   ----       1
   IDATA SIZE       =   ----    ----
   BIT SIZE         =   ----    ----
END OF MODULE INFORMATION.


C51 COMPILATION COMPLETE.  1 WARNING(S),  0 ERROR(S)
