C251 COMPILER V5.60.0,  main                                                               16/06/23  21:49:58  PAGE 1   


C251 COMPILER V5.60.0, COMPILATION OF MODULE main
OBJECT MODULE PLACED IN .\Objects\main.obj
COMPILER INVOKED BY: D:\Keil_v251\C251\BIN\C251.EXE src\main.c XSMALL INTR2 BROWSE DEBUG PRINT(.\Listings\main.lst) TABS
                    -(2) OBJECT(.\Objects\main.obj) 

stmt  level    source

    1          #include "stc32g.h"
    2          #include "intrins.h"
    3          #include "stc.h"
    4          #include "usb.h"
    5          
    6          #define LED_PIN P53
    7          
    8          void sys_init(void);
    9          
   10          void main(void)
   11          {
   12   1        sys_init();
   13   1        usb_init();  //USB CDC 接口配置
   14   1        EA = 1;
   15   1        
   16   1        LED_PIN = 0;
   17   1        
   18   1        while(1)
   19   1        {
   20   2        }
   21   1      }
   22          
   23          void sys_init(void)
   24          {
   25   1        WTST = 0;  //设置程序指令延时参数，赋值为0可将CPU执行指令的速度设置为最快
   26   1        EAXFR = 1; //扩展寄存器(XFR)访问使能
   27   1        CKCON = 0; //提高访问XRAM速度
   28   1      
   29   1        P0M1 = 0x00;   P0M0 = 0x00;   //设置为准双向口
   30   1        P1M1 = 0x00;   P1M0 = 0x00;   //设置为准双向口
   31   1        P2M1 = 0x00;   P2M0 = 0x00;   //设置为准双向口
   32   1        P3M1 = 0x00;   P3M0 = 0x00;   //设置为准双向口
   33   1        P4M1 = 0x00;   P4M0 = 0x00;   //设置为准双向口
   34   1        P5M1 = 0x00;   P5M0 = 0x00;   //设置为准双向口
   35   1        P6M1 = 0x00;   P6M0 = 0x00;   //设置为准双向口
   36   1        P7M1 = 0x00;   P7M0 = 0x00;   //设置为准双向口
   37   1      
   38   1        //====== USB 初始化 ======
   39   1        P3M0 &= ~0x03;
   40   1        P3M1 |= 0x03;
   41   1      
   42   1        IRC48MCR = 0x80;
   43   1        while (!(IRC48MCR & 0x01));
   44   1      
   45   1        USBCLK = 0x00;
   46   1        USBCON = 0x90;
   47   1        //========================
   48   1      }


Module Information          Static   Overlayable
------------------------------------------------
  code size            =       109     ------
  ecode size           =    ------     ------
  data size            =    ------     ------
  idata size           =    ------     ------
  pdata size           =    ------     ------
  xdata size           =    ------     ------
  xdata-const size     =    ------     ------
C251 COMPILER V5.60.0,  main                                                               16/06/23  21:49:58  PAGE 2   

  edata size           =    ------     ------
  bit size             =    ------     ------
  ebit size            =    ------     ------
  bitaddressable size  =    ------     ------
  ebitaddressable size =    ------     ------
  far data size        =    ------     ------
  huge data size       =    ------     ------
  const size           =    ------     ------
  hconst size          =    ------     ------
End of Module Information.


C251 COMPILATION COMPLETE.  0 WARNING(S),  0 ERROR(S)
