C251 COMPILER V5.60.0,  i2c                                                                17/06/23  22:17:47  PAGE 1   


C251 COMPILER V5.60.0, COMPILATION OF MODULE i2c
OBJECT MODULE PLACED IN .\obj\i2c.obj
COMPILER INVOKED BY: D:\Keil_v251\C251\BIN\C251.EXE Del\i2c.c XSMALL INTR2 BROWSE INCDIR(.\Del;.\src) DEBUG PRINT(.\obj\
                    -i2c.lst) TABS(2) OBJECT(.\obj\i2c.obj) 

stmt  level    source

    1          #include "i2c.h"
    2          #include "debug.h"
    3          #include <stdio.h>
    4          
    5          void I2C_Wait(void)
    6          {
    7   1        while(!(I2CMSST & 0x40));
    8   1        I2CMSST &= ~0x40;
    9   1      }
   10          
   11          void I2C_Start(void)
   12          {
   13   1        I2CMSCR = 0x01;
   14   1        I2C_Wait();
   15   1      }
   16          
   17          void I2C_Stop(void)
   18          {
   19   1        I2CMSCR = 0x06;
   20   1        I2C_Wait();
   21   1      }
   22          
   23          void I2C_SendData(char dat)
   24          {
   25   1        I2CTXD = dat;
   26   1        I2CMSCR = 0x02;
   27   1        I2C_Wait();
   28   1      }
   29          
   30          unsigned char I2C_RecvACK(void)
   31          {
   32   1        I2CMSCR = 0x03;
   33   1        I2C_Wait();
   34   1        return (I2CMSST & 0x02);
   35   1      }
   36          
   37          unsigned char I2C_RecvData(void)
   38          {
   39   1        I2CMSCR = 0x04;
   40   1        I2C_Wait();
   41   1        return I2CRXD;
   42   1      }
   43          
   44          void I2C_SendACK(void)
   45          {
   46   1        I2CMSST = 0x00;
   47   1        I2CMSCR = 0x05;
   48   1        I2C_Wait();
   49   1      }
   50          
   51          void I2C_SendNAK(void)
   52          {
   53   1        I2CMSST = 0x01;
   54   1        I2CMSCR = 0x05;
   55   1        I2C_Wait();
   56   1      }
   57          
   58          void I2C_Init(void)
C251 COMPILER V5.60.0,  i2c                                                                17/06/23  22:17:47  PAGE 2   

   59          {
   60   1        P1PU |= 0x30; //0x00110000
   61   1        I2CCFG = 0xdb;
   62   1        I2CMSST = 0x00;
   63   1      }
   64          
   65          unsigned char I2C_SendByte(unsigned char dat)
   66          {
   67   1        I2C_SendData(dat);
   68   1        return I2C_RecvACK();
   69   1      }
   70          
   71          unsigned char I2C_RecvByte(void)
   72          {
   73   1        unsigned char dat;
   74   1        dat = I2C_RecvData();
   75   1        I2C_SendACK();
   76   1        return dat;
   77   1      }
   78          
   79          void I2C_Write(unsigned char dev_addr, unsigned char reg_addr, unsigned char *p,unsigned char len)
   80          {
   81   1        unsigned char i = 0;
   82   1        I2C_Start();
   83   1        I2C_SendByte(dev_addr<<1);
   84   1        I2C_SendByte(reg_addr);
   85   1        for(i = 0; i < len; i++)
   86   1        {
   87   2          I2C_SendByte(p[i]);
   88   2        }
   89   1        I2C_Stop();
   90   1      }
   91          
   92          void I2C_read(unsigned char dev_addr,unsigned char reg_addr, unsigned char *buf, unsigned char len)
   93          {
   94   1        unsigned char i = 0;
   95   1        I2C_Start();
   96   1        I2C_SendByte(dev_addr<<1);
   97   1        I2C_SendByte(reg_addr);
   98   1        I2C_Start();
   99   1        I2C_SendByte((dev_addr<<1)+1);
*** WARNING C188 IN LINE 99 OF Del\i2c.c: 'parameter 1': value truncated
  100   1        for(i = 0; i < len-1; i++)
  101   1        {
  102   2          buf[i] = I2C_RecvByte();
  103   2        }
  104   1        buf[i] = I2C_RecvData();
  105   1        I2C_SendNAK();
  106   1        I2C_Stop();
  107   1      }


Module Information          Static   Overlayable
------------------------------------------------
  code size            =       441     ------
  ecode size           =    ------     ------
  data size            =    ------     ------
  idata size           =    ------     ------
  pdata size           =    ------     ------
  xdata size           =    ------     ------
  xdata-const size     =    ------     ------
  edata size           =    ------          8
  bit size             =    ------     ------
  ebit size            =    ------     ------
  bitaddressable size  =    ------     ------
  ebitaddressable size =    ------     ------
  far data size        =    ------     ------
C251 COMPILER V5.60.0,  i2c                                                                17/06/23  22:17:47  PAGE 3   

  huge data size       =    ------     ------
  const size           =    ------     ------
  hconst size          =    ------     ------
End of Module Information.


C251 COMPILATION COMPLETE.  1 WARNING(S),  0 ERROR(S)
